Using pre-set license
Built from '2020.3/staging' branch; Version is '2020.3.32f1 (12f8b0834f07) revision 1243312'; Using compiler version '192528614'; Build Type 'Release'
OS: 'Windows 11  (10.0.22000) 64bit CoreSingleLanguage' Language: 'pt' Physical Memory: 8025 MB
BatchMode: 1, IsHumanControllingUs: 0, StartBugReporterOnCrash: 0, Is64bit: 1, IsPro: 0

COMMAND LINE ARGUMENTS:
C:\2020.3.32f1\Editor\Unity.exe
-adb2
-batchMode
-noUpm
-name
AssetImportWorker1
-projectPath
D:/github/Puzzle2D
-logFile
Logs/AssetImportWorker1.log
-srvPort
60963
Successfully changed project path to: D:/github/Puzzle2D
D:/github/Puzzle2D
Using Asset Import Pipeline V2.
Refreshing native plugins compatible for Editor in 192.70 ms, found 3 plugins.
Preloading 0 native plugins for Editor in 0.00 ms.
Initialize engine version: 2020.3.32f1 (12f8b0834f07)
[Subsystems] Discovering subsystems at path C:/2020.3.32f1/Editor/Data/Resources/UnitySubsystems
[Subsystems] Discovering subsystems at path D:/github/Puzzle2D/Assets
GfxDevice: creating device client; threaded=0
Direct3D:
    Version:  Direct3D 11.0 [level 11.1]
    Renderer: NVIDIA GeForce MX330 (ID=0x1d16)
    Vendor:   
    VRAM:     1983 MB
    Driver:   30.0.14.7219
Initialize mono
Mono path[0] = 'C:/2020.3.32f1/Editor/Data/Managed'
Mono path[1] = 'C:/2020.3.32f1/Editor/Data/MonoBleedingEdge/lib/mono/unityjit'
Mono config path = 'C:/2020.3.32f1/Editor/Data/MonoBleedingEdge/etc'
Using monoOptions --debugger-agent=transport=dt_socket,embedding=1,server=y,suspend=n,address=127.0.0.1:56724
Begin MonoManager ReloadAssembly
Registering precompiled unity dll's ...
Register platform support module: C:/2020.3.32f1/Editor/Data/PlaybackEngines/WindowsStandaloneSupport/UnityEditor.WindowsStandalone.Extensions.dll
Registered in 0.011898 seconds.
Native extension for WindowsStandalone target not found
Refreshing native plugins compatible for Editor in 126.52 ms, found 3 plugins.
Preloading 0 native plugins for Editor in 0.00 ms.
Mono: successfully reloaded assembly
- Completed reload, in  2.014 seconds
Domain Reload Profiling:
	ReloadAssembly (2016ms)
		BeginReloadAssembly (197ms)
			ExecutionOrderSort (0ms)
			DisableScriptedObjects (0ms)
			BackupInstance (0ms)
			ReleaseScriptingObjects (0ms)
			CreateAndSetChildDomain (2ms)
		EndReloadAssembly (1570ms)
			LoadAssemblies (193ms)
			RebuildTransferFunctionScriptingTraits (0ms)
			SetupTypeCache (457ms)
			ReleaseScriptCaches (0ms)
			RebuildScriptCaches (105ms)
			SetupLoadedEditorAssemblies (579ms)
				LogAssemblyErrors (0ms)
				InitializePlatformSupportModulesInManaged (13ms)
				SetLoadedEditorAssemblies (1ms)
				RefreshPlugins (127ms)
				BeforeProcessingInitializeOnLoad (54ms)
				ProcessInitializeOnLoadAttributes (219ms)
				ProcessInitializeOnLoadMethodAttributes (165ms)
				AfterProcessingInitializeOnLoad (0ms)
				EditorAssembliesLoaded (1ms)
			ExecutionOrderSort2 (0ms)
			AwakeInstancesAfterBackupRestoration (0ms)
Platform modules already initialized, skipping
Registering precompiled user dll's ...
Registered in 0.012032 seconds.
Begin MonoManager ReloadAssembly
Native extension for WindowsStandalone target not found
Refreshing native plugins compatible for Editor in 123.45 ms, found 3 plugins.
Preloading 0 native plugins for Editor in 0.00 ms.
Mono: successfully reloaded assembly
- Completed reload, in  4.426 seconds
Domain Reload Profiling:
	ReloadAssembly (4431ms)
		BeginReloadAssembly (415ms)
			ExecutionOrderSort (0ms)
			DisableScriptedObjects (14ms)
			BackupInstance (0ms)
			ReleaseScriptingObjects (0ms)
			CreateAndSetChildDomain (45ms)
		EndReloadAssembly (3762ms)
			LoadAssemblies (1146ms)
			RebuildTransferFunctionScriptingTraits (0ms)
			SetupTypeCache (860ms)
			ReleaseScriptCaches (1ms)
			RebuildScriptCaches (127ms)
			SetupLoadedEditorAssemblies (1308ms)
				LogAssemblyErrors (0ms)
				InitializePlatformSupportModulesInManaged (10ms)
				SetLoadedEditorAssemblies (0ms)
				RefreshPlugins (124ms)
				BeforeProcessingInitializeOnLoad (231ms)
				ProcessInitializeOnLoadAttributes (847ms)
				ProcessInitializeOnLoadMethodAttributes (74ms)
				AfterProcessingInitializeOnLoad (21ms)
				EditorAssembliesLoaded (1ms)
			ExecutionOrderSort2 (0ms)
			AwakeInstancesAfterBackupRestoration (29ms)
Platform modules already initialized, skipping
========================================================================
Worker process is ready to serve import requests
Launched and connected shader compiler UnityShaderCompiler.exe after 0.12 seconds
Refreshing native plugins compatible for Editor in 1.75 ms, found 3 plugins.
Preloading 0 native plugins for Editor in 0.00 ms.
Unloading 2200 Unused Serialized files (Serialized files now loaded: 0)
System memory in use before: 97.1 MB.
System memory in use after: 97.0 MB.

Unloading 31 unused Assets to reduce memory usage. Loaded Objects now: 2631.
Total: 11.506400 ms (FindLiveObjects: 0.463000 ms CreateObjectMapping: 0.285100 ms MarkObjects: 10.279700 ms  DeleteObjects: 0.476300 ms)

AssetImportParameters requested are different than current active one (requested -> active):
  custom:framework-win-MediaFoundation: 216162199b28c13a410421893ffa2e32 -> 
  custom:video-decoder-ogg-theora: a1e56fd34408186e4bbccfd4996cb3dc -> 
  custom:container-muxer-webm: aa71ff27fc2769a1b78a27578f13a17b -> 
  custom:container-demuxer-webm: 4f35f7cbe854078d1ac9338744f61a02 -> 
  custom:container-demuxer-ogg: 62fdf1f143b41e24485cea50d1cbac27 -> 
  custom:video-encoder-webm-vp8: eb34c28f22e8b96e1ab97ce403110664 -> 
  custom:video-codec-MediaFoundation-h265: 746d11721c4dcdbdad8f713fa42b33f4 -> 
  custom:video-decoder-webm-vp8: 9c59270c3fd7afecdb556c50c9e8de78 -> 
  custom:audio-decoder-ogg-vorbis: bf7c407c2cedff20999df2af8eb42d56 -> 
  custom:audio-encoder-webm-vorbis: bf7c407c2cedff20999df2af8eb42d56 -> 
========================================================================
Received Import Request.
  path: Assets/IMG_8497.jpg
  artifactKey: Guid(cd251107745e8544d9baa7edb8e94e68) Importer(815301076,1909f56bfc062723c751e8b465ee728b)
Start importing Assets/IMG_8497.jpg using Guid(cd251107745e8544d9baa7edb8e94e68) Importer(815301076,1909f56bfc062723c751e8b465ee728b)  -> (artifact id: 'b32e22d7e03d7ff8b4d405e503c604a6') in 0.303321 seconds 
========================================================================
Received Import Request.
  Time since last request: 8.057999 seconds.
  path: Assets/pecas-removebg-preview.png
  artifactKey: Guid(984f5f584b7258e47ac19fd3042ae45f) Importer(815301076,1909f56bfc062723c751e8b465ee728b)
Start importing Assets/pecas-removebg-preview.png using Guid(984f5f584b7258e47ac19fd3042ae45f) Importer(815301076,1909f56bfc062723c751e8b465ee728b)  -> (artifact id: '26d464d4dbf8751e598d0f2ce214f66e') in 0.060724 seconds 
========================================================================
Received Import Request.
  Time since last request: 175.370887 seconds.
  path: Assets/pecas-removebg-preview (1).png
  artifactKey: Guid(db4613739b8e1384b8f23e07c16f8449) Importer(815301076,1909f56bfc062723c751e8b465ee728b)
Start importing Assets/pecas-removebg-preview (1).png using Guid(db4613739b8e1384b8f23e07c16f8449) Importer(815301076,1909f56bfc062723c751e8b465ee728b)  -> (artifact id: '775f5b7e8a57c14966b9f940d98f3480') in 0.047177 seconds 
========================================================================
Received Import Request.
  Time since last request: 551.705863 seconds.
  path: Assets/Captura de tela 2022-04-26 202718.png
  artifactKey: Guid(8c2f8f60b9f256c41b68c65083397c2f) Importer(815301076,1909f56bfc062723c751e8b465ee728b)
Start importing Assets/Captura de tela 2022-04-26 202718.png using Guid(8c2f8f60b9f256c41b68c65083397c2f) Importer(815301076,1909f56bfc062723c751e8b465ee728b)  -> (artifact id: 'a0c3070c9130efaad7ee761248a39963') in 0.028880 seconds 
========================================================================
Received Import Request.
  Time since last request: 22.254914 seconds.
  path: Assets/PuzzleLuke.png
  artifactKey: Guid(8c2f8f60b9f256c41b68c65083397c2f) Importer(815301076,1909f56bfc062723c751e8b465ee728b)
Start importing Assets/PuzzleLuke.png using Guid(8c2f8f60b9f256c41b68c65083397c2f) Importer(815301076,1909f56bfc062723c751e8b465ee728b)  -> (artifact id: 'b1769ab1ee2bd55ce136d5ace4be23ec') in 0.036789 seconds 
========================================================================
Received Import Request.
  Time since last request: 8.912523 seconds.
  path: Assets/PuzzleLucke.png
  artifactKey: Guid(8c2f8f60b9f256c41b68c65083397c2f) Importer(815301076,1909f56bfc062723c751e8b465ee728b)
Start importing Assets/PuzzleLucke.png using Guid(8c2f8f60b9f256c41b68c65083397c2f) Importer(815301076,1909f56bfc062723c751e8b465ee728b)  -> (artifact id: '44d08cf11ab89c712211685914696e76') in 0.022078 seconds 
AssetImportWorkerClient::OnTransportError - code=2 error=End of file
